{
  "RSpec": {
    "coverage": {
      "/Users/yuhoshino/livecoding_tv/Facecoding/app/models/user.rb": [
        null,
        null,
        null,
        null,
        null,
        null,
        null,
        null,
        null,
        null,
        null,
        null,
        null,
        null,
        null,
        null,
        null,
        null,
        null,
        1,
        1,
        null,
        null,
        1,
        null,
        1,
        null,
        1,
        14,
        14,
        14,
        null,
        null
      ],
      "/Users/yuhoshino/livecoding_tv/Facecoding/app/helpers/application_helper.rb": [
        1,
        1,
        0,
        0,
        null,
        0,
        null,
        null,
        null,
        1,
        18,
        0,
        null,
        18,
        null,
        null,
        null
      ],
      "/Users/yuhoshino/livecoding_tv/Facecoding/app/helpers/home_helper.rb": [
        1,
        null
      ],
      "/Users/yuhoshino/livecoding_tv/Facecoding/app/helpers/profiles_helper.rb": [
        1,
        1,
        14,
        2,
        null,
        12,
        null,
        null,
        null
      ],
      "/Users/yuhoshino/livecoding_tv/Facecoding/app/models/profile.rb": [
        null,
        null,
        null,
        null,
        null,
        null,
        null,
        null,
        null,
        null,
        null,
        null,
        null,
        null,
        null,
        null,
        null,
        null,
        null,
        null,
        null,
        null,
        null,
        null,
        null,
        null,
        null,
        1,
        1,
        null,
        1,
        null,
        null,
        1,
        1,
        1,
        null
      ],
      "/Users/yuhoshino/livecoding_tv/Facecoding/app/controllers/profiles_controller.rb": [
        1,
        1,
        14,
        14,
        null,
        null,
        1,
        0,
        0,
        0,
        0,
        null,
        null,
        1,
        0,
        0,
        0,
        null,
        null,
        1,
        0,
        0,
        0,
        0,
        0,
        null,
        0,
        null,
        0,
        null,
        null,
        null,
        1,
        0,
        0,
        0,
        0,
        0,
        0,
        null,
        0,
        null,
        0,
        null,
        null,
        null,
        1,
        null,
        1,
        0,
        null,
        null,
        null,
        null,
        null,
        null,
        null,
        null,
        null,
        null,
        null,
        1,
        null,
        0,
        null,
        null,
        null,
        null,
        null,
        null,
        null
      ],
      "/Users/yuhoshino/livecoding_tv/Facecoding/app/controllers/application_controller.rb": [
        1,
        null,
        null,
        1,
        1,
        null
      ],
      "/Users/yuhoshino/livecoding_tv/Facecoding/app/controllers/users_controller.rb": [
        1,
        1,
        3,
        3,
        3,
        null,
        null,
        1,
        2,
        null,
        null,
        1,
        1,
        1,
        1,
        null,
        null,
        1,
        1,
        1,
        1,
        null,
        null
      ],
      "/Users/yuhoshino/livecoding_tv/Facecoding/app/models/language.rb": [
        null,
        null,
        null,
        null,
        null,
        null,
        null,
        null,
        null,
        null,
        null,
        null,
        1,
        1,
        null
      ]
    },
    "timestamp": 1441451692
  }
}
