{
  "RSpec": {
    "coverage": {
      "/Users/yuhoshino/livecoding_tv/Facecoding/app/models/user.rb": [
        null,
        null,
        null,
        null,
        null,
        null,
        null,
        null,
        null,
        null,
        null,
        null,
        null,
        null,
        null,
        null,
        null,
        null,
        null,
        1,
        1,
        null,
        null,
        1,
        null,
        1,
        null,
        1,
        0,
        0,
        0,
        null,
        null,
        1,
        0,
        null,
        null,
        1,
        0,
        null,
        null
      ],
      "/Users/yuhoshino/livecoding_tv/Facecoding/app/helpers/application_helper.rb": [
        1,
        1,
        0,
        0,
        null,
        0,
        null,
        null,
        null,
        1,
        0,
        0,
        null,
        0,
        null,
        null,
        null
      ],
      "/Users/yuhoshino/livecoding_tv/Facecoding/app/helpers/home_helper.rb": [
        1,
        null
      ],
      "/Users/yuhoshino/livecoding_tv/Facecoding/app/helpers/profiles_helper.rb": [
        1,
        1,
        0,
        0,
        null,
        0,
        null,
        null,
        null
      ]
    },
    "timestamp": 1441482852
  }
}
